[E 22:00:48 351445] CodeQL C/C++ Extractor 2.11.0
[E 22:00:48 351445] Current directory: /home/frost/Documents/ectf_2023/qlSpace/2023-ectf-insecure-example/car/lib/tivaware/driverlib
[E 22:00:48 351445] Command: /home/frost/Downloads/codeql-bundle-linux64/codeql/cpp/tools/linux64/extractor --mimic /home/frost/Documents/ectf_2023/gcc-arm-none-eabi-5_4-2016q3-20160926-linux/gcc-arm-none-eabi-5_4-2016q3/lib/gcc/arm-none-eabi/5.4.1/cc1 -quiet -I .. -imultilib armv7e-m -iprefix /home/frost/Documents/ectf_2023/gcc-arm-none-eabi-5_4-2016q3-20160926-linux/gcc-arm-none-eabi-5_4-2016q3/bin/../lib/gcc/arm-none-eabi/5.4.1/ -isysroot /home/frost/Documents/ectf_2023/gcc-arm-none-eabi-5_4-2016q3-20160926-linux/gcc-arm-none-eabi-5_4-2016q3/bin/../arm-none-eabi -MD gcc/can.d -MQ gcc/can.o -D__USES_INITFINI__ -D PART_ -D gcc can.c -quiet -dumpbase can.c -mthumb -mcpu=cortex-m4 -auxbase-strip gcc/can.o -Wall -Wpedantic -std=c99 -ffunction-sections -fdata-sections -o /tmp/cc22wGth.s
[E 22:00:48 351445] Checking whether C compilation already happened.
[E 22:00:48 351445] Checking for tag c-compilation-happened
[E 22:00:48 351445] Checking CODEQL_TRACER_DB_ID 0000000000055CD3_0000000000000001
[E 22:00:48 351445] Locking DB /home/frost/Documents/ectf_2023/qlSpace/2023-ectf-insecure-example/car/newCarDB/working/tags.db
[E 22:00:48 351445] Locked DB /home/frost/Documents/ectf_2023/qlSpace/2023-ectf-insecure-example/car/newCarDB/working/tags.db
[E 22:00:48 351445] Unlocking DB
[E 22:00:48 351445] Unlocked DB
[E 22:00:48 351445] Looks like C compilation didn't already happen.
[E 22:00:48 351445] Checking whether C compilation has been attempted.
[E 22:00:48 351445] Checking for tag c-compilation-attempted
[E 22:00:48 351445] Checking CODEQL_TRACER_DB_ID 0000000000055CD3_0000000000000001
[E 22:00:48 351445] Locking DB /home/frost/Documents/ectf_2023/qlSpace/2023-ectf-insecure-example/car/newCarDB/working/tags.db
[E 22:00:48 351445] Locked DB /home/frost/Documents/ectf_2023/qlSpace/2023-ectf-insecure-example/car/newCarDB/working/tags.db
[E 22:00:49 351445] Unlocking DB
[E 22:00:49 351445] Unlocked DB
[E 22:00:49 351445] Marking C compilation as attempted.
[E 22:00:49 351445] Setting tag c-compilation-attempted
[E 22:00:49 351445] Starting from CODEQL_TRACER_DB_ID 0000000000055CD3_0000000000000001
[E 22:00:49 351445] Locking DB /home/frost/Documents/ectf_2023/qlSpace/2023-ectf-insecure-example/car/newCarDB/working/tags.db
[E 22:00:49 351445] Locked DB /home/frost/Documents/ectf_2023/qlSpace/2023-ectf-insecure-example/car/newCarDB/working/tags.db
[E 22:00:49 351445] Set tag for 0000000000055CD3_0000000000000001
[E 22:00:49 351445] Set tag for 0000000000055CD1_0000000000000001
[E 22:00:49 351445] Set tag for 0000000000055C8D_0000000000000001
[E 22:00:49 351445] Set tag for 0000000000055BF4_0000000000000001
[E 22:00:49 351445] Set tag for 0000000000055BF2_0000000000000001
[E 22:00:49 351445] Set tag for 0000000000055BE2_0000000000000003
[E 22:00:49 351445] Set tag for 0000000000055BE2_0000000000000002
[E 22:00:49 351445] Set tag for root
[E 22:00:49 351445] Unlocking DB
[E 22:00:49 351445] Unlocked DB
[E 22:00:49 351445] Processed command line: /home/frost/Downloads/codeql-bundle-linux64/codeql/cpp/tools/linux64/extractor --trapfolder /home/frost/Documents/ectf_2023/qlSpace/2023-ectf-insecure-example/car/newCarDB/trap/cpp --src_archive /home/frost/Documents/ectf_2023/qlSpace/2023-ectf-insecure-example/car/newCarDB/src --mimic_config /home/frost/Documents/ectf_2023/qlSpace/2023-ectf-insecure-example/car/newCarDB/working/compiler_mimic_cache/ee0a3a8cc970 --object_filename /tmp/cc22wGth.s -w --error_limit 1000 --disable_system_macros --variadic_macros --c99 --gcc --gnu_version 50401 --target linux_i686 '-D__DBL_MIN_EXP__=(-1021)' -D__HQ_FBIT__=15 -D__UINT_LEAST16_MAX__=0xffff -D__ARM_SIZEOF_WCHAR_T=4 -D__ATOMIC_ACQUIRE=2 -D__SFRACT_IBIT__=0 -D__FLT_MIN__=1.1754943508222875e-38F -D__GCC_IEC_559_COMPLEX=0 -D__UFRACT_MAX__=0XFFFFP-16UR '-D__UINT_LEAST8_TYPE__=unsigned char' -D__DQ_FBIT__=63 '-D__INTMAX_C(c)=c ## LL' -D__ARM_FEATURE_SAT=1 -D__ULFRACT_FBIT__=32 -D__SACCUM_EPSILON__=0x1P-7HK -D__CHAR_BIT__=8 -D__USQ_IBIT__=0 -D__UINT8_MAX__=0xff -D__ACCUM_FBIT__=15 -D__WINT_MAX__=0xffffffffU -D__USFRACT_FBIT__=8 -D__ORDER_LITTLE_ENDIAN__=1234 -D__SIZE_MAX__=0xffffffffU -D__WCHAR_MAX__=0xffffffffU -D__LACCUM_IBIT__=32 -D__GCC_HAVE_SYNC_COMPARE_AND_SWAP_1=1 -D__GCC_HAVE_SYNC_COMPARE_AND_SWAP_2=1 -D__GCC_HAVE_SYNC_COMPARE_AND_SWAP_4=1 '-D__DBL_DENORM_MIN__=((double)4.9406564584124654e-324L)' -D__GCC_ATOMIC_CHAR_LOCK_FREE=2 -D__GCC_IEC_559=0 -D__FLT_EVAL_METHOD__=0 -D__LLACCUM_MAX__=0X7FFFFFFFFFFFFFFFP-31LLK -D__GCC_ATOMIC_CHAR32_T_LOCK_FREE=2 -D__FRACT_FBIT__=15 -D__UINT_FAST64_MAX__=0xffffffffffffffffULL -D__SIG_ATOMIC_TYPE__=int -D__UACCUM_FBIT__=16 '-D__DBL_MIN_10_EXP__=(-307)' -D__FINITE_MATH_ONLY__=0 -D__ARMEL__=1 -D__ARM_FEATURE_UNALIGNED=1 -D__LFRACT_IBIT__=0 -D__LFRACT_MAX__=0X7FFFFFFFP-31LR -D__UINT_FAST8_MAX__=0xffffffffU '-D__has_include(STR)=__has_include__(STR)' -D__DEC64_MAX_EXP__=385 '-D__INT8_C(c)=c' -D__UINT_LEAST64_MAX__=0xffffffffffffffffULL -D__SA_FBIT__=15 -D__SHRT_MAX__=0x7fff '-D__LDBL_MAX__=1.7976931348623157e+308L' -D__ARM_FEATURE_IDIV=1 -D__FRACT_MAX__=0X7FFFP-15R -D__thumb2__=1 -D__UFRACT_FBIT__=16 -D__UFRACT_MIN__=0.0UR -D__UINT_LEAST8_MAX__=0xff -D__GCC_ATOMIC_BOOL_LOCK_FREE=2 '-D__UINTMAX_TYPE__=long long unsigned int' -D__LLFRACT_EPSILON__=0x1P-63LLR -D__DEC32_EPSILON__=1E-6DF -D__CHAR_UNSIGNED__=1 -D__UINT32_MAX__=0xffffffffUL -D__ULFRACT_MAX__=0XFFFFFFFFP-32ULR -D__TA_IBIT__=64 -D__LDBL_MAX_EXP__=1024 -D__WINT_MIN__=0U -D__ARM_ASM_SYNTAX_UNIFIED__=1 -D__ULLFRACT_MIN__=0.0ULLR -D__SCHAR_MAX__=0x7f -D__WCHAR_MIN__=0U '-D__INT64_C(c)=c ## LL' -D__DBL_DIG__=15 -D__GCC_ATOMIC_POINTER_LOCK_FREE=2 '-D__LLACCUM_MIN__=(-0X1P31LLK-0X1P31LLK)' -D__SIZEOF_INT__=4 -D__SIZEOF_POINTER__=4 -D__USACCUM_IBIT__=8 -D__USER_LABEL_PREFIX__= -D__LDBL_HAS_INFINITY__=1 '-D__LFRACT_MIN__=(-0.5LR-0.5LR)' -D__HA_IBIT__=8 -D__TQ_IBIT__=0 -D__FLT_EPSILON__=1.1920928955078125e-7F -D__APCS_32__=1 -D__USFRACT_IBIT__=0 -D__LDBL_MIN__=2.2250738585072014e-308L '-D__FRACT_MIN__=(-0.5R-0.5R)' -D__DEC32_MAX__=9.999999E96DF -D__DA_IBIT__=32 -D__ARM_SIZEOF_MINIMAL_ENUM=1 -D__INT32_MAX__=0x7fffffffL -D__UQQ_FBIT__=8 -D__SIZEOF_LONG__=4 -D__UACCUM_MAX__=0XFFFFFFFFP-16UK '-D__UINT16_C(c)=c' -D__DECIMAL_DIG__=17 -D__LFRACT_EPSILON__=0x1P-31LR -D__ULFRACT_MIN__=0.0ULR '-D__has_include_next(STR)=__has_include_next__(STR)' -D__LDBL_HAS_QUIET_NAN__=1 -D__ULACCUM_IBIT__=32 -D__UACCUM_EPSILON__=0x1P-16UK -D__ULLACCUM_MAX__=0XFFFFFFFFFFFFFFFFP-32ULLK -D__HQ_IBIT__=0 -D__FLT_HAS_DENORM__=1 -D__SIZEOF_LONG_DOUBLE__=8 -D__BIGGEST_ALIGNMENT__=8 -D__DQ_IBIT__=0 '-D__DBL_MAX__=((double)1.7976931348623157e+308L)' -D__ULFRACT_IBIT__=0 -D__INT_FAST32_MAX__=0x7fffffff -D__DBL_HAS_INFINITY__=1 -D__ACCUM_IBIT__=16 '-D__DEC32_MIN_EXP__=(-94)' -D__THUMB_INTERWORK__=1 -D__LACCUM_MAX__=0X7FFFFFFFFFFFFFFFP-31LK -D__INT_FAST16_TYPE__=int -D__STRICT_ANSI__=1 -D__LDBL_HAS_DENORM__=1 -D__ARM_FEATURE_LDREX=7 -D__DEC128_MAX__=9.999999999999999999999999999999999E6144DL -D__INT_LEAST32_MAX__=0x7fffffffL -D__ARM_PCS=1 -D__DEC32_MIN__=1E-95DF -D__ACCUM_MAX__=0X7FFFFFFFP-15K -D__DBL_MAX_EXP__=1024 -D__USACCUM_EPSILON__=0x1P-8UHK -D__DEC128_EPSILON__=1E-33DL -D__SFRACT_MAX__=0X7FP-7HR -D__FRACT_IBIT__=0 -D__PTRDIFF_MAX__=0x7fffffff -D__UACCUM_MIN__=0.0UK -D__UACCUM_IBIT__=16 -D__LONG_LONG_MAX__=0x7fffffffffffffffLL -D__SIZEOF_SIZE_T__=4 -D__ULACCUM_MAX__=0XFFFFFFFFFFFFFFFFP-32ULK -D__SIZEOF_WINT_T__=4 -D__SA_IBIT__=16 -D__ULLACCUM_MIN__=0.0ULLK -D__GXX_ABI_VERSION=1009 -D__UTA_FBIT__=64 -D__SOFTFP__=1 '-D__FLT_MIN_EXP__=(-125)' -D__USFRACT_MAX__=0XFFP-8UHR -D__UFRACT_IBIT__=0 -D__ARM_FEATURE_QBIT=1 '-D__INT_FAST64_TYPE__=long long int' '-D__DBL_MIN__=((double)2.2250738585072014e-308L)' '-D__LACCUM_MIN__=(-0X1P31LK-0X1P31LK)' -D__ULLACCUM_FBIT__=32 -D__GXX_TYPEINFO_EQUALITY_INLINE=0 -D__ULLFRACT_EPSILON__=0x1P-64ULLR -D__DEC128_MIN__=1E-6143DL -D__REGISTER_PREFIX__= -D__UINT16_MAX__=0xffff -D__DBL_HAS_DENORM__=1 '-D__ACCUM_MIN__=(-0X1P15K-0X1P15K)' -D__SQ_IBIT__=0 '-D__UINT8_TYPE__=unsigned char' -D__UHA_FBIT__=8 -D__NO_INLINE__=1 '-D__SFRACT_MIN__=(-0.5HR-0.5HR)' -D__UTQ_FBIT__=128 -D__FLT_MANT_DIG__=24 '-D__UINT64_C(c)=c ## ULL' -D__ULLFRACT_FBIT__=64 -D__FRACT_EPSILON__=0x1P-15R -D__ULACCUM_MIN__=0.0ULK -D__UDA_FBIT__=32 -D__LLACCUM_EPSILON__=0x1P-31LLK -D__GCC_ATOMIC_INT_LOCK_FREE=2 -D__FLOAT_WORD_ORDER__=__ORDER_LITTLE_ENDIAN__ -D__USFRACT_MIN__=0.0UHR -D__UQQ_IBIT__=0 '-D__INT32_C(c)=c ## L' -D__DEC64_EPSILON__=1E-15DD -D__ORDER_PDP_ENDIAN__=3412 '-D__DEC128_MIN_EXP__=(-6142)' -D__UHQ_FBIT__=16 -D__LLACCUM_FBIT__=31 -D__INT_FAST32_TYPE__=int '-D__UINT_LEAST16_TYPE__=short unsigned int' -D__INT16_MAX__=0x7fff '-D__SIZE_TYPE__=unsigned int' -D__UINT64_MAX__=0xffffffffffffffffULL -D__UDQ_FBIT__=64 '-D__INT8_TYPE__=signed char' -D__thumb__=1 -D__ELF__=1 -D__ULFRACT_EPSILON__=0x1P-32ULR -D__LLFRACT_FBIT__=63 -D__FLT_RADIX__=2 '-D__INT_LEAST16_TYPE__=short int' -D__ARM_ARCH_PROFILE=77 -D__LDBL_EPSILON__=2.2204460492503131e-16L '-D__UINTMAX_C(c)=c ## ULL' -D__SACCUM_MAX__=0X7FFFP-7HK -D__SIG_ATOMIC_MAX__=0x7fffffff -D__GCC_ATOMIC_WCHAR_T_LOCK_FREE=2 -D__VFP_FP__=1 -D__SIZEOF_PTRDIFF_T__=4 -D__LACCUM_EPSILON__=0x1P-31LK -D__DEC32_SUBNORMAL_MIN__=0.000001E-95DF -D__INT_FAST16_MAX__=0x7fffffff -D__UINT_FAST32_MAX__=0xffffffffU '-D__UINT_LEAST64_TYPE__=long long unsigned int' -D__USACCUM_MAX__=0XFFFFP-8UHK -D__SFRACT_EPSILON__=0x1P-7HR -D__FLT_HAS_QUIET_NAN__=1 -D__FLT_MAX_10_EXP__=38 -D__LONG_MAX__=0x7fffffffL -D__DEC128_SUBNORMAL_MIN__=0.000000000000000000000000000000001E-6143DL -D__FLT_HAS_INFINITY__=1 -D__USA_FBIT__=16 '-D__UINT_FAST16_TYPE__=unsigned int' -D__DEC64_MAX__=9.999999999999999E384DD -D__ARM_32BIT_STATE=1 -D__PRAGMA_REDEFINE_EXTNAME=1 -D__INT_LEAST16_MAX__=0x7fff -D__DEC64_MANT_DIG__=16 -D__INT64_MAX__=0x7fffffffffffffffLL -D__UINT_LEAST32_MAX__=0xffffffffUL -D__SACCUM_FBIT__=7 -D__GCC_ATOMIC_LONG_LOCK_FREE=2 '-D__INT_LEAST64_TYPE__=long long int' -D__ARM_FEATURE_CLZ=1 '-D__INT16_TYPE__=short int' '-D__INT_LEAST8_TYPE__=signed char' -D__SQ_FBIT__=31 -D__DEC32_MAX_EXP__=97 -D__ARM_ARCH_ISA_THUMB=2 -D__INT_FAST8_MAX__=0x7fffffff -D__ARM_ARCH=7 -D__INTPTR_MAX__=0x7fffffff -D__QQ_FBIT__=7 -D__UTA_IBIT__=64 -D__LDBL_MANT_DIG__=53 -D__SFRACT_FBIT__=7 '-D__SACCUM_MIN__=(-0X1P7HK-0X1P7HK)' -D__DBL_HAS_QUIET_NAN__=1 '-D__SIG_ATOMIC_MIN__=(-__SIG_ATOMIC_MAX__ - 1)' -D__INTPTR_TYPE__=int '-D__UINT16_TYPE__=short unsigned int' '-D__WCHAR_TYPE__=unsigned int' -D__SIZEOF_FLOAT__=4 -D__THUMBEL__=1 -D__USQ_FBIT__=32 -D__UINTPTR_MAX__=0xffffffffU '-D__DEC64_MIN_EXP__=(-382)' -D__ULLACCUM_IBIT__=32 -D__INT_FAST64_MAX__=0x7fffffffffffffffLL -D__GCC_ATOMIC_TEST_AND_SET_TRUEVAL=1 -D__FLT_DIG__=6 '-D__UINT_FAST64_TYPE__=long long unsigned int' -D__INT_MAX__=0x7fffffff -D__LACCUM_FBIT__=31 -D__USACCUM_MIN__=0.0UHK -D__UHA_IBIT__=8 '-D__INT64_TYPE__=long long int' -D__FLT_MAX_EXP__=128 -D__UTQ_IBIT__=0 -D__DBL_MANT_DIG__=53 -D__INT_LEAST64_MAX__=0x7fffffffffffffffLL -D__GCC_ATOMIC_CHAR16_T_LOCK_FREE=2 -D__DEC64_MIN__=1E-383DD '-D__WINT_TYPE__=unsigned int' '-D__UINT_LEAST32_TYPE__=long unsigned int' -D__SIZEOF_SHORT__=2 -D__ULLFRACT_IBIT__=0 '-D__LDBL_MIN_EXP__=(-1021)' -D__arm__=1 -D__UDA_IBIT__=32 -D__INT_LEAST8_MAX__=0x7f -D__LFRACT_FBIT__=31 -D__LDBL_MAX_10_EXP__=308 -D__ATOMIC_RELAXED=0 '-D__DBL_EPSILON__=((double)2.2204460492503131e-16L)' -D__ARM_ARCH_7EM__=1 -D__ARM_FEATURE_SIMD32=1 '-D__UINT8_C(c)=c' '-D__INT_LEAST32_TYPE__=long int' -D__SIZEOF_WCHAR_T__=4 '-D__UINT64_TYPE__=long long unsigned int' -D__LLFRACT_MAX__=0X7FFFFFFFFFFFFFFFP-63LLR -D__TQ_FBIT__=127 -D__INT_FAST8_TYPE__=int -D__ULLACCUM_EPSILON__=0x1P-32ULLK -D__UHQ_IBIT__=0 -D__LLACCUM_IBIT__=32 -D__DBL_DECIMAL_DIG__=17 -D__DEC_EVAL_METHOD__=2 -D__TA_FBIT__=63 -D__UDQ_IBIT__=0 -D__ORDER_BIG_ENDIAN__=4321 -D__ACCUM_EPSILON__=0x1P-15K '-D__UINT32_C(c)=c ## UL' -D__INTMAX_MAX__=0x7fffffffffffffffLL -D__BYTE_ORDER__=__ORDER_LITTLE_ENDIAN__ -D__FLT_DENORM_MIN__=1.4012984643248171e-45F -D__LLFRACT_IBIT__=0 -D__INT8_MAX__=0x7f '-D__UINT_FAST32_TYPE__=unsigned int' '-D__FLT_MAX__=3.4028234663852886e+38F' -D__USACCUM_FBIT__=8 '-D__INT32_TYPE__=long int' -D__SIZEOF_DOUBLE__=8 '-D__FLT_MIN_10_EXP__=(-37)' -D__UFRACT_EPSILON__=0x1P-16UR '-D__INTMAX_TYPE__=long long int' -D__DEC128_MAX_EXP__=6145 -D__ATOMIC_CONSUME=1 -D__UINTMAX_MAX__=0xffffffffffffffffULL -D__DEC32_MANT_DIG__=7 -D__HA_FBIT__=7 -D__DBL_MAX_10_EXP__=308 -D__LDBL_DENORM_MIN__=4.9406564584124654e-324L '-D__INT16_C(c)=c' -D__PTRDIFF_TYPE__=int '-D__LLFRACT_MIN__=(-0.5LLR-0.5LLR)' -D__ATOMIC_SEQ_CST=5 -D__DA_FBIT__=31 '-D__UINT32_TYPE__=long unsigned int' -D__ARM_ARCH_EXT_IDIV__=1 '-D__UINTPTR_TYPE__=unsigned int' -D__USA_IBIT__=16 -D__DEC64_SUBNORMAL_MIN__=0.000000000000001E-383DD -D__ARM_EABI__=1 -D__DEC128_MANT_DIG__=34 '-D__LDBL_MIN_10_EXP__=(-307)' -D__SIZEOF_LONG_LONG__=8 -D__ULACCUM_EPSILON__=0x1P-32ULK -D__SACCUM_IBIT__=8 -D__GCC_ATOMIC_LLONG_LOCK_FREE=1 -D__LDBL_DIG__=15 -D__FLT_DECIMAL_DIG__=9 -D__UINT_FAST16_MAX__=0xffffffffU -D__GCC_ATOMIC_SHORT_LOCK_FREE=2 -D__ULLFRACT_MAX__=0XFFFFFFFFFFFFFFFFP-64ULLR '-D__UINT_FAST8_TYPE__=unsigned int' -D__USFRACT_EPSILON__=0x1P-8UHR -D__ULACCUM_FBIT__=32 -D__ARM_FEATURE_DSP=1 -D__QQ_IBIT__=0 -D__ATOMIC_ACQ_REL=4 -D__ATOMIC_RELEASE=3 -I.. --isysroot /home/frost/Documents/ectf_2023/gcc-arm-none-eabi-5_4-2016q3-20160926-linux/gcc-arm-none-eabi-5_4-2016q3/bin/../arm-none-eabi -D__USES_INITFINI__ -DPART_ -Dgcc -I/home/frost/Documents/ectf_2023/gcc-arm-none-eabi-5_4-2016q3-20160926-linux/gcc-arm-none-eabi-5_4-2016q3/bin/../lib/gcc/../../lib/gcc/arm-none-eabi/5.4.1/include -I/home/frost/Documents/ectf_2023/gcc-arm-none-eabi-5_4-2016q3-20160926-linux/gcc-arm-none-eabi-5_4-2016q3/bin/../lib/gcc/../../lib/gcc/arm-none-eabi/5.4.1/include-fixed -I/home/frost/Documents/ectf_2023/gcc-arm-none-eabi-5_4-2016q3-20160926-linux/gcc-arm-none-eabi-5_4-2016q3/bin/../lib/gcc/../../lib/gcc/arm-none-eabi/5.4.1/../../../../arm-none-eabi/include -- can.c
[E 22:00:49 351445] Starting compilation TRAP /home/frost/Documents/ectf_2023/qlSpace/2023-ectf-insecure-example/car/newCarDB/trap/cpp/compilations/49/9699167_0.trap.br
[E 22:00:49 351445] Archiving /home/frost/Documents/ectf_2023/qlSpace/2023-ectf-insecure-example/car/newCarDB/src/home/frost/Documents/ectf_2023/qlSpace/2023-ectf-insecure-example/car/lib/tivaware/driverlib/can.c
[E 22:00:49 351445] Already archived /home/frost/Documents/ectf_2023/qlSpace/2023-ectf-insecure-example/car/newCarDB/src/home/frost/Documents/ectf_2023/gcc-arm-none-eabi-5_4-2016q3-20160926-linux/gcc-arm-none-eabi-5_4-2016q3/lib/gcc/arm-none-eabi/5.4.1/include/stdbool.h
[E 22:00:49 351445] Already archived /home/frost/Documents/ectf_2023/qlSpace/2023-ectf-insecure-example/car/newCarDB/src/home/frost/Documents/ectf_2023/gcc-arm-none-eabi-5_4-2016q3-20160926-linux/gcc-arm-none-eabi-5_4-2016q3/lib/gcc/arm-none-eabi/5.4.1/include/stdint.h
[E 22:00:49 351445] Already archived /home/frost/Documents/ectf_2023/qlSpace/2023-ectf-insecure-example/car/newCarDB/src/home/frost/Documents/ectf_2023/gcc-arm-none-eabi-5_4-2016q3-20160926-linux/gcc-arm-none-eabi-5_4-2016q3/arm-none-eabi/include/stdint.h
[E 22:00:49 351445] Already archived /home/frost/Documents/ectf_2023/qlSpace/2023-ectf-insecure-example/car/newCarDB/src/home/frost/Documents/ectf_2023/gcc-arm-none-eabi-5_4-2016q3-20160926-linux/gcc-arm-none-eabi-5_4-2016q3/arm-none-eabi/include/machine/_default_types.h
[E 22:00:49 351445] Already archived /home/frost/Documents/ectf_2023/qlSpace/2023-ectf-insecure-example/car/newCarDB/src/home/frost/Documents/ectf_2023/gcc-arm-none-eabi-5_4-2016q3-20160926-linux/gcc-arm-none-eabi-5_4-2016q3/arm-none-eabi/include/sys/features.h
[E 22:00:49 351445] Already archived /home/frost/Documents/ectf_2023/qlSpace/2023-ectf-insecure-example/car/newCarDB/src/home/frost/Documents/ectf_2023/gcc-arm-none-eabi-5_4-2016q3-20160926-linux/gcc-arm-none-eabi-5_4-2016q3/arm-none-eabi/include/_newlib_version.h
[E 22:00:49 351445] Already archived /home/frost/Documents/ectf_2023/qlSpace/2023-ectf-insecure-example/car/newCarDB/src/home/frost/Documents/ectf_2023/gcc-arm-none-eabi-5_4-2016q3-20160926-linux/gcc-arm-none-eabi-5_4-2016q3/arm-none-eabi/include/sys/_intsup.h
[E 22:00:49 351445] Already archived /home/frost/Documents/ectf_2023/qlSpace/2023-ectf-insecure-example/car/newCarDB/src/home/frost/Documents/ectf_2023/gcc-arm-none-eabi-5_4-2016q3-20160926-linux/gcc-arm-none-eabi-5_4-2016q3/arm-none-eabi/include/sys/_stdint.h
[E 22:00:49 351445] Archiving /home/frost/Documents/ectf_2023/qlSpace/2023-ectf-insecure-example/car/newCarDB/src/home/frost/Documents/ectf_2023/qlSpace/2023-ectf-insecure-example/car/lib/tivaware/inc/hw_can.h
[E 22:00:49 351445] Already archived /home/frost/Documents/ectf_2023/qlSpace/2023-ectf-insecure-example/car/newCarDB/src/home/frost/Documents/ectf_2023/qlSpace/2023-ectf-insecure-example/car/lib/tivaware/inc/hw_ints.h
[E 22:00:49 351445] Already archived /home/frost/Documents/ectf_2023/qlSpace/2023-ectf-insecure-example/car/newCarDB/src/home/frost/Documents/ectf_2023/qlSpace/2023-ectf-insecure-example/car/lib/tivaware/inc/hw_nvic.h
[E 22:00:49 351445] Already archived /home/frost/Documents/ectf_2023/qlSpace/2023-ectf-insecure-example/car/newCarDB/src/home/frost/Documents/ectf_2023/qlSpace/2023-ectf-insecure-example/car/lib/tivaware/inc/hw_memmap.h
[E 22:00:49 351445] Already archived /home/frost/Documents/ectf_2023/qlSpace/2023-ectf-insecure-example/car/newCarDB/src/home/frost/Documents/ectf_2023/qlSpace/2023-ectf-insecure-example/car/lib/tivaware/inc/hw_sysctl.h
[E 22:00:49 351445] Already archived /home/frost/Documents/ectf_2023/qlSpace/2023-ectf-insecure-example/car/newCarDB/src/home/frost/Documents/ectf_2023/qlSpace/2023-ectf-insecure-example/car/lib/tivaware/inc/hw_types.h
[E 22:00:49 351445] Archiving /home/frost/Documents/ectf_2023/qlSpace/2023-ectf-insecure-example/car/newCarDB/src/home/frost/Documents/ectf_2023/qlSpace/2023-ectf-insecure-example/car/lib/tivaware/driverlib/can.h
[E 22:00:49 351445] Already archived /home/frost/Documents/ectf_2023/qlSpace/2023-ectf-insecure-example/car/newCarDB/src/home/frost/Documents/ectf_2023/qlSpace/2023-ectf-insecure-example/car/lib/tivaware/driverlib/debug.h
[E 22:00:49 351445] Already archived /home/frost/Documents/ectf_2023/qlSpace/2023-ectf-insecure-example/car/newCarDB/src/home/frost/Documents/ectf_2023/qlSpace/2023-ectf-insecure-example/car/lib/tivaware/driverlib/interrupt.h
[E 22:00:49 351445] Creating trap tarball /home/frost/Documents/ectf_2023/qlSpace/2023-ectf-insecure-example/car/newCarDB/trap/cpp/tarballs/home/frost/Documents/ectf_2023/qlSpace/2023-ectf-insecure-example/car/lib/tivaware/driverlib/can.c.04d5f2b7_0.trap.tar.br
[E 22:00:49 351445] Emitting trap files for can.c
[E 22:00:49 351445] Opening existencedb in /home/frost/Documents/ectf_2023/qlSpace/2023-ectf-insecure-example/car/newCarDB/working/existencedb/db
[E 22:00:49 351445] Wrote 3 files to /home/frost/Documents/ectf_2023/qlSpace/2023-ectf-insecure-example/car/newCarDB/trap/cpp/tarballs/home/frost/Documents/ectf_2023/qlSpace/2023-ectf-insecure-example/car/lib/tivaware/driverlib/can.c.04d5f2b7_0.trap.tar.br
[E 22:00:49 351445] Finished compilation TRAP /home/frost/Documents/ectf_2023/qlSpace/2023-ectf-insecure-example/car/newCarDB/trap/cpp/compilations/49/9699167_0.trap.br
[E 22:00:49 351445] Marking C compilation as happened.
[E 22:00:49 351445] Setting tag c-compilation-happened
[E 22:00:49 351445] Starting from CODEQL_TRACER_DB_ID 0000000000055CD3_0000000000000001
[E 22:00:49 351445] Locking DB /home/frost/Documents/ectf_2023/qlSpace/2023-ectf-insecure-example/car/newCarDB/working/tags.db
[E 22:00:49 351445] Locked DB /home/frost/Documents/ectf_2023/qlSpace/2023-ectf-insecure-example/car/newCarDB/working/tags.db
[E 22:00:49 351445] Set tag for 0000000000055CD3_0000000000000001
[E 22:00:49 351445] Set tag for 0000000000055CD1_0000000000000001
[E 22:00:49 351445] Set tag for 0000000000055C8D_0000000000000001
[E 22:00:49 351445] Set tag for 0000000000055BF4_0000000000000001
[E 22:00:49 351445] Set tag for 0000000000055BF2_0000000000000001
[E 22:00:49 351445] Set tag for 0000000000055BE2_0000000000000003
[E 22:00:49 351445] Set tag for 0000000000055BE2_0000000000000002
[E 22:00:49 351445] Set tag for root
[E 22:00:49 351445] Unlocking DB
[E 22:00:49 351445] Unlocked DB
